#
# There is insufficient memory for the Java Runtime Environment to continue.
# Native memory allocation (mmap) failed to map 266338304 bytes for Failed to commit area from 0x0000000703600000 to 0x0000000713400000 of length 266338304.
# Possible reasons:
#   The system is out of physical RAM or swap space
#   The process is running with CompressedOops enabled, and the Java Heap may be blocking the growth of the native heap
# Possible solutions:
#   Reduce memory load on the system
#   Increase physical memory or swap space
#   Check if swap backing store is full
#   Decrease Java heap size (-Xmx/-Xms)
#   Decrease number of Java threads
#   Decrease Java thread stack sizes (-Xss)
#   Set larger code cache with -XX:ReservedCodeCacheSize=
# This output file may be truncated or incomplete.
#
#  Out of Memory Error (t:/workspace/open/src/hotspot/os/windows/os_windows.cpp:3301), pid=22184, tid=22588
#
# JRE version:  (13.0.2+8) (build )
# Java VM: Java HotSpot(TM) 64-Bit Server VM (13.0.2+8, mixed mode, aot, sharing, tiered, compressed oops, g1 gc, windows-amd64)
# No core dump will be written. Minidumps are not enabled by default on client versions of Windows
#

---------------  S U M M A R Y ------------

Command Line: -Dfile.encoding=GBK View.WetChart

Host: Intel(R) Core(TM) i7-9750H CPU @ 2.60GHz, 12 cores, 15G,  Windows 10 , 64 bit Build 19041 (10.0.19041.1023)
Time: Thu Jul  8 15:33:53 2021 中国标准时间 elapsed time: 0 seconds (0d 0h 0m 0s)

---------------  T H R E A D  ---------------

Current thread (0x000002aa1dbcb000):  JavaThread "Unknown thread" [_thread_in_vm, id=22588, stack(0x000000cb33b00000,0x000000cb33c00000)]

Stack: [0x000000cb33b00000,0x000000cb33c00000]
Native frames: (J=compiled Java code, j=interpreted, Vv=VM code, C=native code)
V  [jvm.dll+0x624f9a]
V  [jvm.dll+0x770cfa]
V  [jvm.dll+0x7724af]
V  [jvm.dll+0x772ab3]
V  [jvm.dll+0x24bf08]
V  [jvm.dll+0x6222aa]
V  [jvm.dll+0x6170b5]
V  [jvm.dll+0x30a88c]
V  [jvm.dll+0x30a6c2]
V  [jvm.dll+0x30fe36]
V  [jvm.dll+0x353f46]
V  [jvm.dll+0x353720]
V  [jvm.dll+0x2e550a]
V  [jvm.dll+0x2e67a2]
V  [jvm.dll+0x74dd78]
V  [jvm.dll+0x361989]
V  [jvm.dll+0x730e65]
V  [jvm.dll+0x3cc53f]
V  [jvm.dll+0x3ce861]
C  [jli.dll+0x51ff]
C  [ucrtbase.dll+0x21bb2]
C  [KERNEL32.DLL+0x17034]
C  [ntdll.dll+0x52651]


---------------  P R O C E S S  ---------------

Threads class SMR info:
_java_thread_list=0x00007fffb947ccb8, length=0, elements={
}

Java Threads: ( => current thread )

Other Threads:
  0x000002aa1dc32000 GCTaskThread "GC Thread#0" [stack: 0x000000cb33c00000,0x000000cb33d00000] [id=22252]
  0x000002aa1dc56000 ConcurrentGCThread "G1 Main Marker" [stack: 0x000000cb33d00000,0x000000cb33e00000] [id=16156]
  0x000002aa1dc58000 ConcurrentGCThread "G1 Conc#0" [stack: 0x000000cb33e00000,0x000000cb33f00000] [id=5596]

[error occurred during error reporting (printing all threads), id 0xc0000005, EXCEPTION_ACCESS_VIOLATION (0xc0000005) at pc=0x00007fffb8cb51d7]

VM state:not at safepoint (not fully initialized)

VM Mutex/Monitor currently owned by a thread:  ([mutex/lock_event])
[0x000002aa1dbc7010] Heap_lock - owner thread: 0x000002aa1dbcb000

Heap address: 0x0000000703600000, size: 4042 MB, Compressed Oops mode: Non-zero based: 0x0000000703600000
Narrow klass base: 0x0000000000000000, Narrow klass shift: 0

GC Heap History (0 events):
No events

Deoptimization events (0 events):
No events

Classes unloaded (0 events):
No events

Classes redefined (0 events):
No events

Internal exceptions (0 events):
No events

Events (8 events):
Event: 0.006 Loaded shared library C:\Program Files\Java\jdk-13.0.2\bin\zip.dll
Event: 0.006 Loaded shared library C:\Program Files\Java\jdk-13.0.2\bin\jimage.dll
Event: 0.007 Loading shared library C:\Program Files\Java\jdk-13.0.2\lib\libjava.base-coop.dll failed, error code 126
Event: 0.008 Loading shared library C:\Program Files\Java\jdk-13.0.2\lib\libjava.logging-coop.dll failed, error code 126
Event: 0.008 Loading shared library C:\Program Files\Java\jdk-13.0.2\lib\libjdk.compiler-coop.dll failed, error code 126
Event: 0.008 Loading shared library C:\Program Files\Java\jdk-13.0.2\lib\libjdk.scripting.nashorn-coop.dll failed, error code 126
Event: 0.008 Loading shared library C:\Program Files\Java\jdk-13.0.2\lib\libjdk.internal.vm.ci-coop.dll failed, error code 126
Event: 0.008 Loading shared library C:\Program Files\Java\jdk-13.0.2\lib\libjdk.internal.vm.compiler-coop.dll failed, error code 126


Dynamic libraries:
0x00007ff676db0000 - 0x00007ff676dbf000 	C:\Program Files\Java\jdk-13.0.2\bin\javaw.exe
0x00007ff811ab0000 - 0x00007ff811ca5000 	C:\WINDOWS\SYSTEM32\ntdll.dll
0x00007ff810e50000 - 0x00007ff810f0d000 	C:\WINDOWS\System32\KERNEL32.DLL
0x00007ff80f1f0000 - 0x00007ff80f4b8000 	C:\WINDOWS\System32\KERNELBASE.dll
0x00007ff80f7d0000 - 0x00007ff80f8d0000 	C:\WINDOWS\System32\ucrtbase.dll
0x00007fffe6940000 - 0x00007fffe6958000 	C:\Program Files\Java\jdk-13.0.2\bin\jli.dll
0x00007fffedc60000 - 0x00007fffedc75000 	C:\Program Files\Java\jdk-13.0.2\bin\VCRUNTIME140.dll
0x00007ff80fea0000 - 0x00007ff80ff4c000 	C:\WINDOWS\System32\ADVAPI32.dll
0x00007ff80ff50000 - 0x00007ff80ffee000 	C:\WINDOWS\System32\msvcrt.dll
0x00007ff8119d0000 - 0x00007ff811a6b000 	C:\WINDOWS\System32\sechost.dll
0x00007ff8105a0000 - 0x00007ff8106cb000 	C:\WINDOWS\System32\RPCRT4.dll
0x00007ff8108a0000 - 0x00007ff810a40000 	C:\WINDOWS\System32\USER32.dll
0x00007ff80f8d0000 - 0x00007ff80f8f2000 	C:\WINDOWS\System32\win32u.dll
0x00007fffeb500000 - 0x00007fffeb79a000 	C:\WINDOWS\WinSxS\amd64_microsoft.windows.common-controls_6595b64144ccf1df_6.0.19041.1052_none_60b8f8fd71f5e8cb\COMCTL32.dll
0x00007ff810d70000 - 0x00007ff810d9a000 	C:\WINDOWS\System32\GDI32.dll
0x00007ff80f610000 - 0x00007ff80f71b000 	C:\WINDOWS\System32\gdi32full.dll
0x00007ff80f4c0000 - 0x00007ff80f55d000 	C:\WINDOWS\System32\msvcp_win.dll
0x00007ff80e080000 - 0x00007ff80e08a000 	C:\WINDOWS\SYSTEM32\VERSION.dll
0x00007ff811990000 - 0x00007ff8119c0000 	C:\WINDOWS\System32\IMM32.DLL
0x00007fffd1a60000 - 0x00007fffd1afb000 	C:\Program Files\Java\jdk-13.0.2\bin\msvcp140.dll
0x00007fffb89c0000 - 0x00007fffb951d000 	C:\Program Files\Java\jdk-13.0.2\bin\server\jvm.dll
0x00007ff8119c0000 - 0x00007ff8119c8000 	C:\WINDOWS\System32\PSAPI.DLL
0x00007fffec080000 - 0x00007fffec089000 	C:\WINDOWS\SYSTEM32\WSOCK32.dll
0x00007ffff9570000 - 0x00007ffff9597000 	C:\WINDOWS\SYSTEM32\WINMM.dll
0x00007ff811030000 - 0x00007ff81109b000 	C:\WINDOWS\System32\WS2_32.dll
0x00007ff80e040000 - 0x00007ff80e052000 	C:\WINDOWS\SYSTEM32\kernel.appcore.dll
0x00007fffec040000 - 0x00007fffec050000 	C:\Program Files\Java\jdk-13.0.2\bin\verify.dll
0x00007ff80cd20000 - 0x00007ff80cf04000 	C:\WINDOWS\SYSTEM32\DBGHELP.DLL
0x00007ff802460000 - 0x00007ff80248c000 	C:\WINDOWS\SYSTEM32\dbgcore.DLL
0x00007ff80fa90000 - 0x00007ff80fb13000 	C:\WINDOWS\System32\bcryptPrimitives.dll
0x00007fffd2540000 - 0x00007fffd2566000 	C:\Program Files\Java\jdk-13.0.2\bin\java.dll
0x00007fffda4c0000 - 0x00007fffda4d7000 	C:\Program Files\Java\jdk-13.0.2\bin\zip.dll
0x00007fffd6d10000 - 0x00007fffd6d1a000 	C:\Program Files\Java\jdk-13.0.2\bin\jimage.dll

dbghelp: loaded successfully - version: 4.0.5 - missing functions: none
symbol engine: initialized successfully - sym options: 0x614 - pdb path: .;C:\Program Files\Java\jdk-13.0.2\bin;C:\WINDOWS\SYSTEM32;C:\WINDOWS\WinSxS\amd64_microsoft.windows.common-controls_6595b64144ccf1df_6.0.19041.1052_none_60b8f8fd71f5e8cb;C:\Program Files\Java\jdk-13.0.2\bin\server

VM Arguments:
jvm_args: -Dfile.encoding=GBK 
java_command: View.WetChart
java_class_path (initial): D:\java programs(java程序）\LittleTerm\bin;D:\mysql-connector-java-8.0.25\mysql-connector-java-8.0.25\mysql-connector-java-8.0.25.jar;E:\1\小学期\jcommon-1.0.16.jar;E:\1\小学期\jfreechart-1.0.13.jar
Launcher Type: SUN_STANDARD

[Global flags]
     intx CICompilerCount                          = 4                                         {product} {ergonomic}
     uint ConcGCThreads                            = 3                                         {product} {ergonomic}
     uint G1ConcRefinementThreads                  = 10                                        {product} {ergonomic}
   size_t G1HeapRegionSize                         = 1048576                                   {product} {ergonomic}
    uintx GCDrainStackTargetSize                   = 64                                        {product} {ergonomic}
   size_t InitialHeapSize                          = 266338304                                 {product} {ergonomic}
   size_t MarkStackSize                            = 4194304                                   {product} {ergonomic}
   size_t MaxHeapSize                              = 4238344192                                {product} {ergonomic}
   size_t MinHeapDeltaBytes                        = 1048576                                   {product} {ergonomic}
   size_t MinHeapSize                              = 8388608                                   {product} {ergonomic}
    uintx NonNMethodCodeHeapSize                   = 5839372                                {pd product} {ergonomic}
    uintx NonProfiledCodeHeapSize                  = 122909434                              {pd product} {ergonomic}
    uintx ProfiledCodeHeapSize                     = 122909434                              {pd product} {ergonomic}
    uintx ReservedCodeCacheSize                    = 251658240                              {pd product} {ergonomic}
     bool SegmentedCodeCache                       = true                                      {product} {ergonomic}
   size_t SoftMaxHeapSize                          = 4238344192                             {manageable} {ergonomic}
     bool UseCompressedClassPointers               = true                                 {lp64_product} {ergonomic}
     bool UseCompressedOops                        = true                                 {lp64_product} {ergonomic}
     bool UseG1GC                                  = true                                      {product} {ergonomic}
     bool UseLargePagesIndividualAllocation        = false                                  {pd product} {ergonomic}

Logging:
Log output configuration:
 #0: stdout all=warning uptime,level,tags
 #1: stderr all=off uptime,level,tags

Environment Variables:
JAVA_HOME=D:\Java\jdk-16
PATH=C:/Program Files/Java/jdk-13.0.2/bin/server;C:/Program Files/Java/jdk-13.0.2/bin;C:\WINDOWS\system32;C:\WINDOWS;C:\WINDOWS\System32\Wbem;C:\WINDOWS\System32\WindowsPowerShell\v1.0\;C:\WINDOWS\System32\OpenSSH\;D:\MATLAB\runtime\win64;D:\MATLAB\bin;D:\texlive\2020\bin\win32;D:\Java\jdk-16\bin;%IAVA_HOME%\jre\bin;D:\MySQL\mysql-8.0.23-winx64\mysql-8.0.23-winx64\bin;D:\Scripts\;D:\;C:\Users\1\AppData\Local\Microsoft\WindowsApps;D:\Microsoft VS Code\bin;D:\DEV C++\Dev-Cpp\MinGW64\bin;;D:\Java idea\IntelliJ IDEA Community Edition 2020.3.2\bin;;C:\WINDOWS\system32;
USERNAME=1
OS=Windows_NT
PROCESSOR_IDENTIFIER=Intel64 Family 6 Model 158 Stepping 10, GenuineIntel



---------------  S Y S T E M  ---------------

OS: Windows 10 , 64 bit Build 19041 (10.0.19041.1023)

CPU:total 12 (initial active 12) (6 cores per cpu, 2 threads per core) family 6 model 158 stepping 10, cmov, cx8, fxsr, mmx, sse, sse2, sse3, ssse3, sse4.1, sse4.2, popcnt, avx, avx2, aes, clmul, erms, 3dnowpref, lzcnt, ht, tsc, tscinvbit, bmi1, bmi2, adx, fma

Memory: 4k page, system-wide physical 16164M (6581M free)
TotalPageFile size 30990M (AvailPageFile size 134M)
current process WorkingSet (physical memory assigned to process): 10M, peak: 10M
current process commit charge ("private bytes"): 65M, peak: 319M

vm_info: Java HotSpot(TM) 64-Bit Server VM (13.0.2+8) for windows-amd64 JRE (13.0.2+8), built on Dec 11 2019 09:20:33 by "mach5one" with unknown MS VC++:1916

END.
